  Dairy.cpp
Dairy.cpp(5): warning C4244: 'argument': conversion from 'int' to 'float', possible loss of data
Dairy.cpp(17): warning C4244: 'argument': conversion from 'float' to 'int', possible loss of data
Dairy.cpp(30): warning C4244: 'argument': conversion from 'float' to 'int', possible loss of data
  Meat.cpp
Meat.cpp(5): warning C4244: 'argument': conversion from 'int' to 'float', possible loss of data
Meat.cpp(17): warning C4244: 'argument': conversion from 'float' to 'int', possible loss of data
Meat.cpp(30): warning C4244: 'argument': conversion from 'float' to 'int', possible loss of data
  Monster.cpp
Monster.cpp(78): warning C4244: '=': conversion from 'int' to 'float', possible loss of data
Monster.cpp(83): warning C4244: '=': conversion from 'int' to 'float', possible loss of data
  main.cpp
main.cpp(34): warning C4305: 'initializing': truncation from 'double' to 'float'
main.cpp(76): warning C4244: 'argument': conversion from 'int' to 'float', possible loss of data
main.cpp(77): warning C4244: 'argument': conversion from 'int' to 'float', possible loss of data
main.cpp(91): warning C4244: 'argument': conversion from 'int' to 'float', possible loss of data
main.cpp(92): warning C4244: 'argument': conversion from 'int' to 'float', possible loss of data
main.cpp(369): warning C4244: 'argument': conversion from 'double' to 'unsigned int', possible loss of data
main.cpp(370): warning C4244: 'argument': conversion from 'double' to 'int', possible loss of data
  shader.cpp
  shapes.cpp
  sprite.cpp
  text.cpp
  window.cpp
LINK : warning LNK4098: defaultlib 'LIBCMT' conflicts with use of other libs; use /NODEFAULTLIB:library
  Generating code
  566 of 2063 functions (27.4%) were compiled, the rest were copied from previous compilation.
    74 functions were new in current compilation
    89 functions had inline decision re-evaluated but remain unchanged
  Finished generating code
glew32s.lib(glew.obj) : warning LNK4099: PDB 'vc120.pdb' was not found with 'glew32s.lib(glew.obj)' or at 'C:\Users\100620165\Desktop\help\FryydGames\Release\vc120.pdb'; linking object as if no debug info
  SpriteLib2.vcxproj -> C:\Users\100620165\Desktop\help\FryydGames\Release\SpriteLib2.exe
  SpriteLib2.vcxproj -> C:\Users\100620165\Desktop\help\FryydGames\Release\SpriteLib2.pdb (Full PDB)
